# JRE version: Java(TM) SE Runtime Environment (8.0_72-b15) (build 1.8.0_72-b15)
# Java VM: Java HotSpot(TM) 64-Bit Server VM (25.72-b15 mixed mode linux-amd64 compressed oops)
Heap:
 PSYoungGen      total 70656K, used 51190K [0x00000000d6780000, 0x00000000df180000, 0x0000000100000000)
  eden space 65536K, 70% used [0x00000000d6780000,0x00000000d9482d50,0x00000000da780000)
  from space 5120K, 99% used [0x00000000da780000,0x00000000dac7ac40,0x00000000dac80000)
  to   space 5120K, 0% used [0x00000000dec80000,0x00000000dec80000,0x00000000df180000)
 ParOldGen       total 86016K, used 14721K [0x0000000083600000, 0x0000000088a00000, 0x00000000d6780000)
  object space 86016K, 17% used [0x0000000083600000,0x00000000844606f0,0x0000000088a00000)
 Metaspace       used 20155K, capacity 20386K, committed 20736K, reserved 1067008K
  class space    used 2411K, capacity 2482K, committed 2560K, reserved 1048576K
GC Heap History (6 events):
Event: 1.144 GC heap before
{Heap before GC invocations=1 (full 0):
 PSYoungGen      total 37888K, used 32768K [0x00000000d6780000, 0x00000000d9180000, 0x0000000100000000)
  eden space 32768K, 100% used [0x00000000d6780000,0x00000000d8780000,0x00000000d8780000)
  from space 5120K, 0% used [0x00000000d8c80000,0x00000000d8c80000,0x00000000d9180000)
  to   space 5120K, 0% used [0x00000000d8780000,0x00000000d8780000,0x00000000d8c80000)
 ParOldGen       total 86016K, used 0K [0x0000000083600000, 0x0000000088a00000, 0x00000000d6780000)
  object space 86016K, 0% used [0x0000000083600000,0x0000000083600000,0x0000000088a00000)
 Metaspace       used 9380K, capacity 9450K, committed 9728K, reserved 1058816K
  class space    used 1147K, capacity 1171K, committed 1280K, reserved 1048576K
Event: 1.162 GC heap after
Heap after GC invocations=1 (full 0):
 PSYoungGen      total 37888K, used 5113K [0x00000000d6780000, 0x00000000db180000, 0x0000000100000000)
  eden space 32768K, 0% used [0x00000000d6780000,0x00000000d6780000,0x00000000d8780000)
  from space 5120K, 99% used [0x00000000d8780000,0x00000000d8c7e5e8,0x00000000d8c80000)
  to   space 5120K, 0% used [0x00000000dac80000,0x00000000dac80000,0x00000000db180000)
 ParOldGen       total 86016K, used 3329K [0x0000000083600000, 0x0000000088a00000, 0x00000000d6780000)
  object space 86016K, 3% used [0x0000000083600000,0x00000000839405e0,0x0000000088a00000)
 Metaspace       used 9380K, capacity 9450K, committed 9728K, reserved 1058816K
  class space    used 1147K, capacity 1171K, committed 1280K, reserved 1048576K
}
Event: 1.714 GC heap before
{Heap before GC invocations=2 (full 0):
 PSYoungGen      total 37888K, used 37881K [0x00000000d6780000, 0x00000000db180000, 0x0000000100000000)
  eden space 32768K, 100% used [0x00000000d6780000,0x00000000d8780000,0x00000000d8780000)
  from space 5120K, 99% used [0x00000000d8780000,0x00000000d8c7e5e8,0x00000000d8c80000)
  to   space 5120K, 0% used [0x00000000dac80000,0x00000000dac80000,0x00000000db180000)
 ParOldGen       total 86016K, used 3329K [0x0000000083600000, 0x0000000088a00000, 0x00000000d6780000)
  object space 86016K, 3% used [0x0000000083600000,0x00000000839405e0,0x0000000088a00000)
 Metaspace       used 14745K, capacity 14896K, committed 14976K, reserved 1062912K
  class space    used 1801K, capacity 1860K, committed 1920K, reserved 1048576K
Event: 1.735 GC heap after
Heap after GC invocations=2 (full 0):
 PSYoungGen      total 70656K, used 5112K [0x00000000d6780000, 0x00000000db180000, 0x0000000100000000)
  eden space 65536K, 0% used [0x00000000d6780000,0x00000000d6780000,0x00000000da780000)
  from space 5120K, 99% used [0x00000000dac80000,0x00000000db17e170,0x00000000db180000)
  to   space 5120K, 0% used [0x00000000da780000,0x00000000da780000,0x00000000dac80000)
 ParOldGen       total 86016K, used 8027K [0x0000000083600000, 0x0000000088a00000, 0x00000000d6780000)
  object space 86016K, 9% used [0x0000000083600000,0x0000000083dd6f28,0x0000000088a00000)
 Metaspace       used 14745K, capacity 14896K, committed 14976K, reserved 1062912K
  class space    used 1801K, capacity 1860K, committed 1920K, reserved 1048576K
}
Event: 3.261 GC heap before
{Heap before GC invocations=3 (full 0):
 PSYoungGen      total 70656K, used 70648K [0x00000000d6780000, 0x00000000db180000, 0x0000000100000000)
  eden space 65536K, 100% used [0x00000000d6780000,0x00000000da780000,0x00000000da780000)
  from space 5120K, 99% used [0x00000000dac80000,0x00000000db17e170,0x00000000db180000)
  to   space 5120K, 0% used [0x00000000da780000,0x00000000da780000,0x00000000dac80000)
 ParOldGen       total 86016K, used 8027K [0x0000000083600000, 0x0000000088a00000, 0x00000000d6780000)
  object space 86016K, 9% used [0x0000000083600000,0x0000000083dd6f28,0x0000000088a00000)
 Metaspace       used 19646K, capacity 19856K, committed 20096K, reserved 1067008K
  class space    used 2346K, capacity 2415K, committed 2432K, reserved 1048576K
Event: 3.285 GC heap after
Heap after GC invocations=3 (full 0):
 PSYoungGen      total 70656K, used 5099K [0x00000000d6780000, 0x00000000df180000, 0x0000000100000000)
  eden space 65536K, 0% used [0x00000000d6780000,0x00000000d6780000,0x00000000da780000)
  from space 5120K, 99% used [0x00000000da780000,0x00000000dac7ac40,0x00000000dac80000)
  to   space 5120K, 0% used [0x00000000dec80000,0x00000000dec80000,0x00000000df180000)
 ParOldGen       total 86016K, used 14721K [0x0000000083600000, 0x0000000088a00000, 0x00000000d6780000)
  object space 86016K, 17% used [0x0000000083600000,0x00000000844606f0,0x0000000088a00000)
 Metaspace       used 19646K, capacity 19856K, committed 20096K, reserved 1067008K
  class space    used 2346K, capacity 2415K, committed 2432K, reserved 1048576K
}

